<?xml version="1.0" encoding="UTF-8"?>
<!-- Generated by org.testng.reporters.JUnitReportReporter -->
<testsuite hostname="LAPTOP-7U53CLUB" failures="0" tests="1" name="Practise1.Day2" time="0.001" errors="0" timestamp="2021-12-28T17:00:30 GMT-07:00" skipped="0">
  <testcase classname="Practise1.Day2" name="test4" time="0.001"/>
  <system-out/>
</testsuite> <!-- Practise1.Day2 -->
