<?xml version="1.0" encoding="UTF-8"?>
<!-- Generated by org.testng.reporters.JUnitReportReporter -->
<testsuite hostname="LAPTOP-7U53CLUB" failures="0" tests="1" name="Practise1.Day1" time="0.008" errors="0" timestamp="2021-12-28T17:00:30 GMT-07:00" skipped="0">
  <testcase classname="Practise1.Day1" name="test" time="0.008"/>
  <system-out/>
</testsuite> <!-- Practise1.Day1 -->
